<?xml version="1.0" encoding="UTF-8"?>
<!-- Generated by org.testng.reporters.JUnitReportReporter -->
<testsuite skipped="0" hostname="windows7-PC" name="com.Framework.TestCases.TC_SampleTest_001" tests="1" failures="0" timestamp="30 Apr 2020 12:08:17 GMT" time="10.545" errors="0">
  <testcase name="firstTest" time="10.545" classname="com.Framework.TestCases.TC_SampleTest_001"/>
</testsuite> <!-- com.Framework.TestCases.TC_SampleTest_001 -->
