<?xml version="1.0" encoding="UTF-8"?>
<!-- Generated by org.testng.reporters.JUnitReportReporter -->
<testsuite skipped="0" hostname="windows7-PC" name="com.Framework.TestCases.TC_SampleTest_001" tests="1" failures="0" timestamp="22 May 2020 10:50:53 GMT" time="3.957" errors="0">
  <testcase name="firstTest" time="3.957" classname="com.Framework.TestCases.TC_SampleTest_001"/>
</testsuite> <!-- com.Framework.TestCases.TC_SampleTest_001 -->
